<?xml version="1.0" encoding="UTF-8" standalone="no"?><testsuite errors="0" failures="1" name="Doctor's Schedule Availability Management" skipped="0" tests="1" time="1.24" timestamp="2025-07-12 01:15:04"><testcase name="Successfully add a new time slot for a doctor"><failure message="&#10;Expected: is &quot;09:00 - 10:00&quot;&#10;     but: was &quot;08:00 - 17:00&quot;" type="java.lang.AssertionError">
Expected: is "09:00 - 10:00"
     but: was "08:00 - 17:00"</failure><system-err>
Expected: is "09:00 - 10:00"
     but: was "08:00 - 17:00"
co.edu.udea.calidad.citasSalud.stepdefinitions.ScheduleStepDefinitions.theNewScheduleShouldBeVisibleInTheTableFor(ScheduleStepDefinitions.java:77)
worker.org.gradle.process.internal.worker.GradleWorkerMain.run(GradleWorkerMain.java:69)
worker.org.gradle.process.internal.worker.GradleWorkerMain.main(GradleWorkerMain.java:74)
</system-err></testcase></testsuite>