<?xml version="1.0" encoding="UTF-8" standalone="no"?><testsuite errors="3" failures="0" name="Autenticacion de usuario" skipped="0" tests="3" time="0.13" timestamp="2025-06-27 09:46:50"><testcase name="Inicio de sesion exitoso con credenciales validas de un usuario registrado"><error message="class net.serenitybdd.screenplay.actions.Open cannot be cast to class net.serenitybdd.screenplay.Performable (net.serenitybdd.screenplay.actions.Open and net.serenitybdd.screenplay.Performable are in unnamed module of loader 'app')" type="java.lang.ClassCastException">class net.serenitybdd.screenplay.actions.Open cannot be cast to class net.serenitybdd.screenplay.Performable (net.serenitybdd.screenplay.actions.Open and net.serenitybdd.screenplay.Performable are in unnamed module of loader 'app')</error><system-err>class net.serenitybdd.screenplay.actions.Open cannot be cast to class net.serenitybdd.screenplay.Performable (net.serenitybdd.screenplay.actions.Open and net.serenitybdd.screenplay.Performable are in unnamed module of loader 'app')
co.edu.udea.calidad.citasSalud.stepdefinitions.LoginStepDefinitions.queJuanSeEncuentraEnLaPaginaDeLogin(LoginStepDefinitions.java:44)
✽.que Juan se encuentra en la pagina de login(file:///home/juancarlos/Documentos/Universidad/2025-1/Calidad_De_Software/Talleres/Taller_Automatizacion/src/test/resources/features/login.feature:13)
</system-err></testcase><testcase name="Intento de inicio de sesion con una contrasena incorrecta"><error message="class net.serenitybdd.screenplay.actions.Open cannot be cast to class net.serenitybdd.screenplay.Performable (net.serenitybdd.screenplay.actions.Open and net.serenitybdd.screenplay.Performable are in unnamed module of loader 'app')" type="java.lang.ClassCastException">class net.serenitybdd.screenplay.actions.Open cannot be cast to class net.serenitybdd.screenplay.Performable (net.serenitybdd.screenplay.actions.Open and net.serenitybdd.screenplay.Performable are in unnamed module of loader 'app')</error><system-err>class net.serenitybdd.screenplay.actions.Open cannot be cast to class net.serenitybdd.screenplay.Performable (net.serenitybdd.screenplay.actions.Open and net.serenitybdd.screenplay.Performable are in unnamed module of loader 'app')
co.edu.udea.calidad.citasSalud.stepdefinitions.LoginStepDefinitions.queJuanSeEncuentraEnLaPaginaDeLogin(LoginStepDefinitions.java:44)
✽.que Juan se encuentra en la pagina de login(file:///home/juancarlos/Documentos/Universidad/2025-1/Calidad_De_Software/Talleres/Taller_Automatizacion/src/test/resources/features/login.feature:20)
</system-err></testcase><testcase name="Intento de inicio de sesion con un usuario no existente"><error message="class net.serenitybdd.screenplay.actions.Open cannot be cast to class net.serenitybdd.screenplay.Performable (net.serenitybdd.screenplay.actions.Open and net.serenitybdd.screenplay.Performable are in unnamed module of loader 'app')" type="java.lang.ClassCastException">class net.serenitybdd.screenplay.actions.Open cannot be cast to class net.serenitybdd.screenplay.Performable (net.serenitybdd.screenplay.actions.Open and net.serenitybdd.screenplay.Performable are in unnamed module of loader 'app')</error><system-err>class net.serenitybdd.screenplay.actions.Open cannot be cast to class net.serenitybdd.screenplay.Performable (net.serenitybdd.screenplay.actions.Open and net.serenitybdd.screenplay.Performable are in unnamed module of loader 'app')
co.edu.udea.calidad.citasSalud.stepdefinitions.LoginStepDefinitions.queJuanSeEncuentraEnLaPaginaDeLogin(LoginStepDefinitions.java:44)
✽.que Juan se encuentra en la pagina de login(file:///home/juancarlos/Documentos/Universidad/2025-1/Calidad_De_Software/Talleres/Taller_Automatizacion/src/test/resources/features/login.feature:28)
</system-err></testcase></testsuite>