<?xml version="1.0" encoding="UTF-8" standalone="no"?><testsuite errors="0" failures="3" name="User Authentication" skipped="0" tests="3" time="0.15" timestamp="2025-07-11 02:30:16"><testcase name="Successful login with valid credentials of a registered user"><failure message="&#10;Expected: is &lt;true&gt;&#10;     but: was &lt;false&gt;" type="java.lang.AssertionError">
Expected: is &lt;true&gt;
     but: was &lt;false&gt;</failure><system-err>
Expected: is &lt;true&gt;
     but: was &lt;false&gt;
co.edu.udea.calidad.citasSalud.stepdefinitions.AuthenticationStepDefinitions.heShouldSeeTheMainPageOfTheApplication(LoginStepDefinitions.java:56)
worker.org.gradle.process.internal.worker.GradleWorkerMain.run(GradleWorkerMain.java:69)
worker.org.gradle.process.internal.worker.GradleWorkerMain.main(GradleWorkerMain.java:74)
</system-err></testcase><testcase name="Attempt to log in with an incorrect password"><failure message="&#10;Expected: an element that is visible&#10;     but: no matching element found by [Mensaje de error de login located with: xpath: //*[contains(text(),'Contraseña o correo inválido')]]" type="java.lang.AssertionError">
Expected: an element that is visible
     but: no matching element found by [Mensaje de error de login located with: xpath: //*[contains(text(),'Contraseña o correo inválido')]]</failure><system-err>
Expected: an element that is visible
     but: no matching element found by [Mensaje de error de login located with: xpath: //*[contains(text(),'Contraseña o correo inválido')]]
co.edu.udea.calidad.citasSalud.questions.ScheduleInformation.answeredBy(ErrorMessage.java:15)
co.edu.udea.calidad.citasSalud.questions.ScheduleInformation.answeredBy(ErrorMessage.java:11)
co.edu.udea.calidad.citasSalud.stepdefinitions.AuthenticationStepDefinitions.heShouldSeeAnErrorMessageThatSays(LoginStepDefinitions.java:67)
worker.org.gradle.process.internal.worker.GradleWorkerMain.run(GradleWorkerMain.java:69)
worker.org.gradle.process.internal.worker.GradleWorkerMain.main(GradleWorkerMain.java:74)
</system-err></testcase><testcase name="Attempt to log in with a non-existent user"><failure message="&#10;Expected: an element that is visible&#10;     but: no matching element found by [Mensaje de error de login located with: xpath: //*[contains(text(),'Contraseña o correo inválido')]]" type="java.lang.AssertionError">
Expected: an element that is visible
     but: no matching element found by [Mensaje de error de login located with: xpath: //*[contains(text(),'Contraseña o correo inválido')]]</failure><system-err>
Expected: an element that is visible
     but: no matching element found by [Mensaje de error de login located with: xpath: //*[contains(text(),'Contraseña o correo inválido')]]
co.edu.udea.calidad.citasSalud.questions.ScheduleInformation.answeredBy(ErrorMessage.java:15)
co.edu.udea.calidad.citasSalud.questions.ScheduleInformation.answeredBy(ErrorMessage.java:11)
co.edu.udea.calidad.citasSalud.stepdefinitions.AuthenticationStepDefinitions.heShouldSeeAnErrorMessageThatSays(LoginStepDefinitions.java:67)
worker.org.gradle.process.internal.worker.GradleWorkerMain.run(GradleWorkerMain.java:69)
worker.org.gradle.process.internal.worker.GradleWorkerMain.main(GradleWorkerMain.java:74)
</system-err></testcase></testsuite>